<?xml version="1.0" encoding="UTF-8"?>
<testng-results ignored="0" total="2" passed="1" failed="1" skipped="0">
  <reporter-output>
  </reporter-output>
  <suite started-at="2025-07-01T13:47:38 IST" name="Default suite" finished-at="2025-07-01T13:48:21 IST" duration-ms="43268">
    <groups>
      <group name="cucumber">
        <method signature="AbstractTestNGCucumberTests.runScenario(io.cucumber.testng.PickleWrapper,io.cucumber.testng.FeatureWrapper)[pri:0, instance:runner.RunnerClass1@43b6123e]" name="runScenario" class="io.cucumber.testng.AbstractTestNGCucumberTests"/>
      </group> <!-- cucumber -->
    </groups>
    <test started-at="2025-07-01T13:47:38 IST" name="Default test" finished-at="2025-07-01T13:48:21 IST" duration-ms="43268">
      <class name="runner.RunnerClass1">
        <test-method is-config="true" signature="setUpClass(org.testng.ITestContext)[pri:0, instance:runner.RunnerClass1@43b6123e]" started-at="2025-07-01T13:47:38 IST" name="setUpClass" finished-at="2025-07-01T13:47:39 IST" duration-ms="1835" status="PASS">
          <params>
            <param index="0">
              <value>
                <![CDATA[org.testng.TestRunner@2e71240b]]>
              </value>
            </param>
          </params>
          <reporter-output>
          </reporter-output>
        </test-method> <!-- setUpClass -->
        <test-method signature="runScenario(io.cucumber.testng.PickleWrapper,io.cucumber.testng.FeatureWrapper)[pri:0, instance:runner.RunnerClass1@43b6123e]" started-at="2025-07-01T13:47:39 IST" name="runScenario" description="Runs Cucumber Scenarios" data-provider="scenarios" finished-at="2025-07-01T13:48:01 IST" duration-ms="21251" status="PASS">
          <params>
            <param index="0">
              <value>
                <![CDATA["Verify the add to cart functionality of the Mackbook product"]]>
              </value>
            </param>
            <param index="1">
              <value>
                <![CDATA["Verify the Tutorials Ninja Home page"]]>
              </value>
            </param>
          </params>
          <reporter-output>
          </reporter-output>
        </test-method> <!-- runScenario -->
        <test-method signature="runScenario(io.cucumber.testng.PickleWrapper,io.cucumber.testng.FeatureWrapper)[pri:0, instance:runner.RunnerClass1@43b6123e]" started-at="2025-07-01T13:48:01 IST" name="runScenario" description="Runs Cucumber Scenarios" data-provider="scenarios" finished-at="2025-07-01T13:48:12 IST" duration-ms="11384" status="FAIL">
          <params>
            <param index="0">
              <value>
                <![CDATA["Verify the add to cart functionality of the Mackbook product2"]]>
              </value>
            </param>
            <param index="1">
              <value>
                <![CDATA["Verify the Tutorials Ninja Home page"]]>
              </value>
            </param>
          </params>
          <exception class="java.lang.AssertionError">
            <message>
              <![CDATA[expected [true] but found [false]]]>
            </message>
            <full-stacktrace>
              <![CDATA[java.lang.AssertionError: expected [true] but found [false]
at org.testng.Assert.fail(Assert.java:110)
at org.testng.Assert.failNotEquals(Assert.java:1577)
at org.testng.Assert.assertTrue(Assert.java:56)
at org.testng.Assert.assertTrue(Assert.java:66)
at tutorialNinjaStep.TutorialNinjaSteps.the_title_of_the_web_page_should_contains(TutorialNinjaSteps.java:45)
at âœ½.the title of the web page should contains "Mobile"(file:///C:/AllDataAutomation/data%20eclipse/BDDPractice/src/test/resources/TutorialsNinja.feature:17)
]]>
            </full-stacktrace>
          </exception> <!-- java.lang.AssertionError -->
          <reporter-output>
          </reporter-output>
        </test-method> <!-- runScenario -->
        <test-method is-config="true" signature="tearDownClass()[pri:0, instance:runner.RunnerClass1@43b6123e]" started-at="2025-07-01T13:48:12 IST" name="tearDownClass" finished-at="2025-07-01T13:48:21 IST" duration-ms="8699" status="PASS">
          <reporter-output>
          </reporter-output>
        </test-method> <!-- tearDownClass -->
      </class> <!-- runner.RunnerClass1 -->
    </test> <!-- Default test -->
  </suite> <!-- Default suite -->
</testng-results>
